/*C2*/SET SCHEMA PUBLIC
DELETE FROM PT_POSTIT WHERE ID=12
INSERT INTO PT_POSTIT VALUES(12,'Dupek \u017bo\u0142\u0119dny')
COMMIT
INSERT INTO PT_POSTIT VALUES(15,NULL)
ALTER SEQUENCE PUBLIC.HIBERNATE_SEQUENCE RESTART WITH 16
COMMIT
DELETE FROM PT_POSTIT WHERE ID=15
INSERT INTO PT_POSTIT VALUES(15,'Nowiute\u0144ki')
COMMIT
/*C5*/SET SCHEMA PUBLIC
DISCONNECT
/*C10*/SET SCHEMA PUBLIC
DISCONNECT
/*C9*/SET SCHEMA PUBLIC
DISCONNECT
/*C3*/SET SCHEMA PUBLIC
DISCONNECT
/*C2*/DISCONNECT
/*C11*/SET SCHEMA PUBLIC
DISCONNECT
/*C8*/SET SCHEMA PUBLIC
DISCONNECT
/*C4*/SET SCHEMA PUBLIC
DISCONNECT
/*C7*/SET SCHEMA PUBLIC
DISCONNECT
/*C6*/SET SCHEMA PUBLIC
DISCONNECT
/*C12*/SET SCHEMA PUBLIC
DISCONNECT
/*C15*/SET SCHEMA PUBLIC
DISCONNECT
/*C14*/SET SCHEMA PUBLIC
DISCONNECT
/*C18*/SET SCHEMA PUBLIC
DISCONNECT
/*C13*/SET SCHEMA PUBLIC
DISCONNECT
/*C17*/SET SCHEMA PUBLIC
DISCONNECT
/*C19*/SET SCHEMA PUBLIC
DISCONNECT
/*C21*/SET SCHEMA PUBLIC
DISCONNECT
/*C16*/SET SCHEMA PUBLIC
DISCONNECT
/*C20*/SET SCHEMA PUBLIC
DISCONNECT
/*C22*/SET SCHEMA PUBLIC
DELETE FROM PT_POSTIT WHERE ID=15
COMMIT
DELETE FROM PT_POSTIT WHERE ID=14
COMMIT
DELETE FROM PT_POSTIT WHERE ID=13
COMMIT
DELETE FROM PT_POSTIT WHERE ID=12
COMMIT
DELETE FROM PT_POSTIT WHERE ID=11
COMMIT
INSERT INTO PT_POSTIT VALUES(16,NULL)
ALTER SEQUENCE PUBLIC.HIBERNATE_SEQUENCE RESTART WITH 17
COMMIT
DELETE FROM PT_POSTIT WHERE ID=16
INSERT INTO PT_POSTIT VALUES(16,'First note\u000a\u000aHello World!!!!!')
COMMIT
